(1/21) Installing llvm17-libs (17.0.5-r0)
(2/21) Installing scudo-malloc (17.0.5-r0)
(3/21) Installing rust (1.76.0-r0)
(4/21) Installing cargo (1.76.0-r0)
(5/21) Installing clang17-headers (17.0.5-r0)
(6/21) Installing clang17-libs (17.0.5-r0)
(7/21) Installing llvm17-linker-tools (17.0.5-r0)
(8/21) Installing clang17 (17.0.5-r0)
(9/21) Installing clang17-libclang (17.0.5-r0)
(10/21) Installing clang17-extra-tools (17.0.5-r0)
(11/21) Installing clang17-dev (17.0.5-r0)
(12/21) Installing llvm17 (17.0.5-r0)
(13/21) Installing libffi-dev (3.4.4-r3)
(14/21) Installing llvm17-test-utils (17.0.5-r0)
(15/21) Installing llvm17-test-utils-pyc (17.0.5-r0)
(16/21) Installing llvm17-dev (17.0.5-r0)
(17/21) Installing libc++ (17.0.5-r0)
(18/21) Installing libc++-dev (17.0.5-r0)
(19/21) Installing lld-libs (17.0.5-r0)
(20/21) Installing lld (17.0.5-r0)
(21/21) Installing .makedepends-reposerve (20240427.230027)
Executing busybox-1.36.1-r25.trigger
OK: 1758 MiB in 232 packages
reposerve-0.7.0.tar.gz: OK
(1/21) Purging .makedepends-reposerve (20240427.230027)
(2/21) Purging cargo (1.76.0-r0)
(3/21) Purging rust (1.76.0-r0)
(4/21) Purging libc++-dev (17.0.5-r0)
(5/21) Purging libc++ (17.0.5-r0)
(6/21) Purging lld (17.0.5-r0)
(7/21) Purging clang17-dev (17.0.5-r0)
(8/21) Purging clang17-extra-tools (17.0.5-r0)
(9/21) Purging clang17 (17.0.5-r0)
(10/21) Purging clang17-libclang (17.0.5-r0)
(11/21) Purging clang17-headers (17.0.5-r0)
(12/21) Purging clang17-libs (17.0.5-r0)
(13/21) Purging lld-libs (17.0.5-r0)
(14/21) Purging llvm17-dev (17.0.5-r0)
(15/21) Purging llvm17 (17.0.5-r0)
(16/21) Purging llvm17-linker-tools (17.0.5-r0)
(17/21) Purging libffi-dev (3.4.4-r3)
(18/21) Purging llvm17-test-utils-pyc (17.0.5-r0)
(19/21) Purging llvm17-test-utils (17.0.5-r0)
(20/21) Purging llvm17-libs (17.0.5-r0)
(21/21) Purging scudo-malloc (17.0.5-r0)
Executing busybox-1.36.1-r25.trigger
OK: 574 MiB in 211 packages
